# JRE version: Java(TM) SE Runtime Environment (8.0_112-b15) (build 1.8.0_112-b15)
# Java VM: Java HotSpot(TM) 64-Bit Server VM (25.112-b15 mixed mode windows-amd64 compressed oops)
Heap:
 PSYoungGen      total 40960K, used 9812K [0x00000007bc400000, 0x00000007c0000000, 0x00000007c0000000)
  eden space 20480K, 41% used [0x00000007bc400000,0x00000007bcc553d8,0x00000007bd800000)
  from space 20480K, 6% used [0x00000007bd800000,0x00000007bd940000,0x00000007bec00000)
  to   space 19968K, 0% used [0x00000007bec80000,0x00000007bec80000,0x00000007c0000000)
 ParOldGen       total 239616K, used 117937K [0x0000000700000000, 0x000000070ea00000, 0x00000007bc400000)
  object space 239616K, 49% used [0x0000000700000000,0x000000070732c6c0,0x000000070ea00000)
 Metaspace       used 82130K, capacity 83063K, committed 83584K, reserved 1120256K
  class space    used 12431K, capacity 12614K, committed 12672K, reserved 1048576K
GC Heap History (10 events):
Event: 3464.510 GC heap before
{Heap before GC invocations=496 (full 27):
 PSYoungGen      total 40960K, used 20480K [0x00000007bc400000, 0x00000007c0000000, 0x00000007c0000000)
  eden space 20480K, 100% used [0x00000007bc400000,0x00000007bd800000,0x00000007bd800000)
  from space 20480K, 0% used [0x00000007bec00000,0x00000007bec00000,0x00000007c0000000)
  to   space 20480K, 0% used [0x00000007bd800000,0x00000007bd800000,0x00000007bec00000)
 ParOldGen       total 239616K, used 114765K [0x0000000700000000, 0x000000070ea00000, 0x00000007bc400000)
  object space 239616K, 47% used [0x0000000700000000,0x0000000707013540,0x000000070ea00000)
 Metaspace       used 82091K, capacity 83063K, committed 83584K, reserved 1120256K
  class space    used 12420K, capacity 12614K, committed 12672K, reserved 1048576K
Event: 3464.514 GC heap after
Heap after GC invocations=496 (full 27):
 PSYoungGen      total 40960K, used 608K [0x00000007bc400000, 0x00000007c0000000, 0x00000007c0000000)
  eden space 20480K, 0% used [0x00000007bc400000,0x00000007bc400000,0x00000007bd800000)
  from space 20480K, 2% used [0x00000007bd800000,0x00000007bd898000,0x00000007bec00000)
  to   space 20480K, 0% used [0x00000007bec00000,0x00000007bec00000,0x00000007c0000000)
 ParOldGen       total 239616K, used 114765K [0x0000000700000000, 0x000000070ea00000, 0x00000007bc400000)
  object space 239616K, 47% used [0x0000000700000000,0x0000000707013540,0x000000070ea00000)
 Metaspace       used 82091K, capacity 83063K, committed 83584K, reserved 1120256K
  class space    used 12420K, capacity 12614K, committed 12672K, reserved 1048576K
}
Event: 3465.248 GC heap before
{Heap before GC invocations=497 (full 27):
 PSYoungGen      total 40960K, used 21088K [0x00000007bc400000, 0x00000007c0000000, 0x00000007c0000000)
  eden space 20480K, 100% used [0x00000007bc400000,0x00000007bd800000,0x00000007bd800000)
  from space 20480K, 2% used [0x00000007bd800000,0x00000007bd898000,0x00000007bec00000)
  to   space 20480K, 0% used [0x00000007bec00000,0x00000007bec00000,0x00000007c0000000)
 ParOldGen       total 239616K, used 114765K [0x0000000700000000, 0x000000070ea00000, 0x00000007bc400000)
  object space 239616K, 47% used [0x0000000700000000,0x0000000707013540,0x000000070ea00000)
 Metaspace       used 82099K, capacity 83063K, committed 83584K, reserved 1120256K
  class space    used 12425K, capacity 12614K, committed 12672K, reserved 1048576K
Event: 3465.252 GC heap after
Heap after GC invocations=497 (full 27):
 PSYoungGen      total 40960K, used 512K [0x00000007bc400000, 0x00000007c0000000, 0x00000007c0000000)
  eden space 20480K, 0% used [0x00000007bc400000,0x00000007bc400000,0x00000007bd800000)
  from space 20480K, 2% used [0x00000007bec00000,0x00000007bec80000,0x00000007c0000000)
  to   space 20480K, 0% used [0x00000007bd800000,0x00000007bd800000,0x00000007bec00000)
 ParOldGen       total 239616K, used 115037K [0x0000000700000000, 0x000000070ea00000, 0x00000007bc400000)
  object space 239616K, 48% used [0x0000000700000000,0x00000007070575d0,0x000000070ea00000)
 Metaspace       used 82099K, capacity 83063K, committed 83584K, reserved 1120256K
  class space    used 12425K, capacity 12614K, committed 12672K, reserved 1048576K
}
Event: 3466.315 GC heap before
{Heap before GC invocations=498 (full 27):
 PSYoungGen      total 40960K, used 20992K [0x00000007bc400000, 0x00000007c0000000, 0x00000007c0000000)
  eden space 20480K, 100% used [0x00000007bc400000,0x00000007bd800000,0x00000007bd800000)
  from space 20480K, 2% used [0x00000007bec00000,0x00000007bec80000,0x00000007c0000000)
  to   space 20480K, 0% used [0x00000007bd800000,0x00000007bd800000,0x00000007bec00000)
 ParOldGen       total 239616K, used 115037K [0x0000000700000000, 0x000000070ea00000, 0x00000007bc400000)
  object space 239616K, 48% used [0x0000000700000000,0x00000007070575d0,0x000000070ea00000)
 Metaspace       used 82130K, capacity 83063K, committed 83584K, reserved 1120256K
  class space    used 12431K, capacity 12614K, committed 12672K, reserved 1048576K
Event: 3466.319 GC heap after
Heap after GC invocations=498 (full 27):
 PSYoungGen      total 40960K, used 1440K [0x00000007bc400000, 0x00000007c0000000, 0x00000007c0000000)
  eden space 20480K, 0% used [0x00000007bc400000,0x00000007bc400000,0x00000007bd800000)
  from space 20480K, 7% used [0x00000007bd800000,0x00000007bd968000,0x00000007bec00000)
  to   space 20480K, 0% used [0x00000007bec00000,0x00000007bec00000,0x00000007c0000000)
 ParOldGen       total 239616K, used 115421K [0x0000000700000000, 0x000000070ea00000, 0x00000007bc400000)
  object space 239616K, 48% used [0x0000000700000000,0x00000007070b7660,0x000000070ea00000)
 Metaspace       used 82130K, capacity 83063K, committed 83584K, reserved 1120256K
  class space    used 12431K, capacity 12614K, committed 12672K, reserved 1048576K
}
Event: 3466.370 GC heap before
{Heap before GC invocations=499 (full 27):
 PSYoungGen      total 40960K, used 21920K [0x00000007bc400000, 0x00000007c0000000, 0x00000007c0000000)
  eden space 20480K, 100% used [0x00000007bc400000,0x00000007bd800000,0x00000007bd800000)
  from space 20480K, 7% used [0x00000007bd800000,0x00000007bd968000,0x00000007bec00000)
  to   space 20480K, 0% used [0x00000007bec00000,0x00000007bec00000,0x00000007c0000000)
 ParOldGen       total 239616K, used 115421K [0x0000000700000000, 0x000000070ea00000, 0x00000007bc400000)
  object space 239616K, 48% used [0x0000000700000000,0x00000007070b7660,0x000000070ea00000)
 Metaspace       used 82130K, capacity 83063K, committed 83584K, reserved 1120256K
  class space    used 12431K, capacity 12614K, committed 12672K, reserved 1048576K
Event: 3466.375 GC heap after
Heap after GC invocations=499 (full 27):
 PSYoungGen      total 40960K, used 1312K [0x00000007bc400000, 0x00000007c0000000, 0x00000007c0000000)
  eden space 20480K, 0% used [0x00000007bc400000,0x00000007bc400000,0x00000007bd800000)
  from space 20480K, 6% used [0x00000007bec00000,0x00000007bed48000,0x00000007c0000000)
  to   space 20480K, 0% used [0x00000007bd800000,0x00000007bd800000,0x00000007bec00000)
 ParOldGen       total 239616K, used 116753K [0x0000000700000000, 0x000000070ea00000, 0x00000007bc400000)
  object space 239616K, 48% used [0x0000000700000000,0x00000007072046c0,0x000000070ea00000)
 Metaspace       used 82130K, capacity 83063K, committed 83584K, reserved 1120256K
  class space    used 12431K, capacity 12614K, committed 12672K, reserved 1048576K
}
Event: 3466.421 GC heap before
{Heap before GC invocations=500 (full 27):
 PSYoungGen      total 40960K, used 21792K [0x00000007bc400000, 0x00000007c0000000, 0x00000007c0000000)
  eden space 20480K, 100% used [0x00000007bc400000,0x00000007bd800000,0x00000007bd800000)
  from space 20480K, 6% used [0x00000007bec00000,0x00000007bed48000,0x00000007c0000000)
  to   space 20480K, 0% used [0x00000007bd800000,0x00000007bd800000,0x00000007bec00000)
 ParOldGen       total 239616K, used 116753K [0x0000000700000000, 0x000000070ea00000, 0x00000007bc400000)
  object space 239616K, 48% used [0x0000000700000000,0x00000007072046c0,0x000000070ea00000)
 Metaspace       used 82130K, capacity 83063K, committed 83584K, reserved 1120256K
  class space    used 12431K, capacity 12614K, committed 12672K, reserved 1048576K
Event: 3466.426 GC heap after
Heap after GC invocations=500 (full 27):
 PSYoungGen      total 40960K, used 1280K [0x00000007bc400000, 0x00000007c0000000, 0x00000007c0000000)
  eden space 20480K, 0% used [0x00000007bc400000,0x00000007bc400000,0x00000007bd800000)
  from space 20480K, 6% used [0x00000007bd800000,0x00000007bd940000,0x00000007bec00000)
  to   space 19968K, 0% used [0x00000007bec80000,0x00000007bec80000,0x00000007c0000000)
 ParOldGen       total 239616K, used 117937K [0x0000000700000000, 0x000000070ea00000, 0x00000007bc400000)
  object space 239616K, 49% used [0x0000000700000000,0x000000070732c6c0,0x000000070ea00000)
 Metaspace       used 82130K, capacity 83063K, committed 83584K, reserved 1120256K
  class space    used 12431K, capacity 12614K, committed 12672K, reserved 1048576K
}

