# JRE version: Java(TM) SE Runtime Environment (8.0_112-b15) (build 1.8.0_112-b15)
# Java VM: Java HotSpot(TM) 64-Bit Server VM (25.112-b15 mixed mode windows-amd64 compressed oops)
Heap:
 PSYoungGen      total 53248K, used 29191K [0x00000007bc400000, 0x00000007c0000000, 0x00000007c0000000)
  eden space 44544K, 56% used [0x00000007bc400000,0x00000007bdc9ee08,0x00000007bef80000)
  from space 8704K, 45% used [0x00000007bf780000,0x00000007bfb62fd8,0x00000007c0000000)
  to   space 8192K, 0% used [0x00000007bef80000,0x00000007bef80000,0x00000007bf780000)
 ParOldGen       total 445952K, used 266037K [0x0000000700000000, 0x000000071b380000, 0x00000007bc400000)
  object space 445952K, 59% used [0x0000000700000000,0x00000007103cd6b8,0x000000071b380000)
 Metaspace       used 87911K, capacity 88917K, committed 89600K, reserved 1126400K
  class space    used 12770K, capacity 12927K, committed 13056K, reserved 1048576K
GC Heap History (10 events):
Event: 15915.236 GC heap before
{Heap before GC invocations=1915 (full 45):
 PSYoungGen      total 51712K, used 47245K [0x00000007bc400000, 0x00000007c0000000, 0x00000007c0000000)
  eden space 42496K, 100% used [0x00000007bc400000,0x00000007bed80000,0x00000007bed80000)
  from space 9216K, 51% used [0x00000007bed80000,0x00000007bf2235b0,0x00000007bf680000)
  to   space 9216K, 0% used [0x00000007bf700000,0x00000007bf700000,0x00000007c0000000)
 ParOldGen       total 445952K, used 263923K [0x0000000700000000, 0x000000071b380000, 0x00000007bc400000)
  object space 445952K, 59% used [0x0000000700000000,0x00000007101bcd40,0x000000071b380000)
 Metaspace       used 87908K, capacity 88911K, committed 89600K, reserved 1126400K
  class space    used 12769K, capacity 12926K, committed 13056K, reserved 1048576K
Event: 15915.242 GC heap after
Heap after GC invocations=1915 (full 45):
 PSYoungGen      total 52736K, used 4103K [0x00000007bc400000, 0x00000007c0000000, 0x00000007c0000000)
  eden space 43520K, 0% used [0x00000007bc400000,0x00000007bc400000,0x00000007bee80000)
  from space 9216K, 44% used [0x00000007bf700000,0x00000007bfb01d90,0x00000007c0000000)
  to   space 8704K, 0% used [0x00000007bee80000,0x00000007bee80000,0x00000007bf700000)
 ParOldGen       total 445952K, used 264769K [0x0000000700000000, 0x000000071b380000, 0x00000007bc400000)
  object space 445952K, 59% used [0x0000000700000000,0x0000000710290640,0x000000071b380000)
 Metaspace       used 87908K, capacity 88911K, committed 89600K, reserved 1126400K
  class space    used 12769K, capacity 12926K, committed 13056K, reserved 1048576K
}
Event: 15918.425 GC heap before
{Heap before GC invocations=1916 (full 45):
 PSYoungGen      total 52736K, used 47623K [0x00000007bc400000, 0x00000007c0000000, 0x00000007c0000000)
  eden space 43520K, 100% used [0x00000007bc400000,0x00000007bee80000,0x00000007bee80000)
  from space 9216K, 44% used [0x00000007bf700000,0x00000007bfb01d90,0x00000007c0000000)
  to   space 8704K, 0% used [0x00000007bee80000,0x00000007bee80000,0x00000007bf700000)
 ParOldGen       total 445952K, used 264769K [0x0000000700000000, 0x000000071b380000, 0x00000007bc400000)
  object space 445952K, 59% used [0x0000000700000000,0x0000000710290640,0x000000071b380000)
 Metaspace       used 87908K, capacity 88911K, committed 89600K, reserved 1126400K
  class space    used 12769K, capacity 12926K, committed 13056K, reserved 1048576K
Event: 15918.433 GC heap after
Heap after GC invocations=1916 (full 45):
 PSYoungGen      total 52224K, used 3631K [0x00000007bc400000, 0x00000007c0000000, 0x00000007c0000000)
  eden space 43520K, 0% used [0x00000007bc400000,0x00000007bc400000,0x00000007bee80000)
  from space 8704K, 41% used [0x00000007bee80000,0x00000007bf20bc50,0x00000007bf700000)
  to   space 8704K, 0% used [0x00000007bf780000,0x00000007bf780000,0x00000007c0000000)
 ParOldGen       total 445952K, used 265639K [0x0000000700000000, 0x000000071b380000, 0x00000007bc400000)
  object space 445952K, 59% used [0x0000000700000000,0x0000000710369d90,0x000000071b380000)
 Metaspace       used 87908K, capacity 88911K, committed 89600K, reserved 1126400K
  class space    used 12769K, capacity 12926K, committed 13056K, reserved 1048576K
}
Event: 15921.230 GC heap before
{Heap before GC invocations=1917 (full 45):
 PSYoungGen      total 52224K, used 47151K [0x00000007bc400000, 0x00000007c0000000, 0x00000007c0000000)
  eden space 43520K, 100% used [0x00000007bc400000,0x00000007bee80000,0x00000007bee80000)
  from space 8704K, 41% used [0x00000007bee80000,0x00000007bf20bc50,0x00000007bf700000)
  to   space 8704K, 0% used [0x00000007bf780000,0x00000007bf780000,0x00000007c0000000)
 ParOldGen       total 445952K, used 265639K [0x0000000700000000, 0x000000071b380000, 0x00000007bc400000)
  object space 445952K, 59% used [0x0000000700000000,0x0000000710369d90,0x000000071b380000)
 Metaspace       used 87908K, capacity 88911K, committed 89600K, reserved 1126400K
  class space    used 12769K, capacity 12926K, committed 13056K, reserved 1048576K
Event: 15921.236 GC heap after
Heap after GC invocations=1917 (full 45):
 PSYoungGen      total 52224K, used 3823K [0x00000007bc400000, 0x00000007c0000000, 0x00000007c0000000)
  eden space 43520K, 0% used [0x00000007bc400000,0x00000007bc400000,0x00000007bee80000)
  from space 8704K, 43% used [0x00000007bf780000,0x00000007bfb3bc50,0x00000007c0000000)
  to   space 8704K, 0% used [0x00000007bee80000,0x00000007bee80000,0x00000007bf700000)
 ParOldGen       total 445952K, used 265759K [0x0000000700000000, 0x000000071b380000, 0x00000007bc400000)
  object space 445952K, 59% used [0x0000000700000000,0x0000000710387d90,0x000000071b380000)
 Metaspace       used 87908K, capacity 88911K, committed 89600K, reserved 1126400K
  class space    used 12769K, capacity 12926K, committed 13056K, reserved 1048576K
}
Event: 15926.903 GC heap before
{Heap before GC invocations=1918 (full 45):
 PSYoungGen      total 52224K, used 47343K [0x00000007bc400000, 0x00000007c0000000, 0x00000007c0000000)
  eden space 43520K, 100% used [0x00000007bc400000,0x00000007bee80000,0x00000007bee80000)
  from space 8704K, 43% used [0x00000007bf780000,0x00000007bfb3bc50,0x00000007c0000000)
  to   space 8704K, 0% used [0x00000007bee80000,0x00000007bee80000,0x00000007bf700000)
 ParOldGen       total 445952K, used 265759K [0x0000000700000000, 0x000000071b380000, 0x00000007bc400000)
  object space 445952K, 59% used [0x0000000700000000,0x0000000710387d90,0x000000071b380000)
 Metaspace       used 87910K, capacity 88917K, committed 89600K, reserved 1126400K
  class space    used 12770K, capacity 12927K, committed 13056K, reserved 1048576K
Event: 15926.910 GC heap after
Heap after GC invocations=1918 (full 45):
 PSYoungGen      total 52224K, used 3935K [0x00000007bc400000, 0x00000007c0000000, 0x00000007c0000000)
  eden space 43520K, 0% used [0x00000007bc400000,0x00000007bc400000,0x00000007bee80000)
  from space 8704K, 45% used [0x00000007bee80000,0x00000007bf257cb8,0x00000007bf700000)
  to   space 8704K, 0% used [0x00000007bf780000,0x00000007bf780000,0x00000007c0000000)
 ParOldGen       total 445952K, used 265815K [0x0000000700000000, 0x000000071b380000, 0x00000007bc400000)
  object space 445952K, 59% used [0x0000000700000000,0x0000000710395d90,0x000000071b380000)
 Metaspace       used 87910K, capacity 88917K, committed 89600K, reserved 1126400K
  class space    used 12770K, capacity 12927K, committed 13056K, reserved 1048576K
}
Event: 15933.113 GC heap before
{Heap before GC invocations=1919 (full 45):
 PSYoungGen      total 52224K, used 47455K [0x00000007bc400000, 0x00000007c0000000, 0x00000007c0000000)
  eden space 43520K, 100% used [0x00000007bc400000,0x00000007bee80000,0x00000007bee80000)
  from space 8704K, 45% used [0x00000007bee80000,0x00000007bf257cb8,0x00000007bf700000)
  to   space 8704K, 0% used [0x00000007bf780000,0x00000007bf780000,0x00000007c0000000)
 ParOldGen       total 445952K, used 265815K [0x0000000700000000, 0x000000071b380000, 0x00000007bc400000)
  object space 445952K, 59% used [0x0000000700000000,0x0000000710395d90,0x000000071b380000)
 Metaspace       used 87911K, capacity 88917K, committed 89600K, reserved 1126400K
  class space    used 12770K, capacity 12927K, committed 13056K, reserved 1048576K
Event: 15933.122 GC heap after
Heap after GC invocations=1919 (full 45):
 PSYoungGen      total 53248K, used 3979K [0x00000007bc400000, 0x00000007c0000000, 0x00000007c0000000)
  eden space 44544K, 0% used [0x00000007bc400000,0x00000007bc400000,0x00000007bef80000)
  from space 8704K, 45% used [0x00000007bf780000,0x00000007bfb62fd8,0x00000007c0000000)
  to   space 8192K, 0% used [0x00000007bef80000,0x00000007bef80000,0x00000007bf780000)
 ParOldGen       total 445952K, used 266037K [0x0000000700000000, 0x000000071b380000, 0x00000007bc400000)
  object space 445952K, 59% used [0x0000000700000000,0x00000007103cd6b8,0x000000071b380000)
 Metaspace       used 87911K, capacity 88917K, committed 89600K, reserved 1126400K
  class space    used 12770K, capacity 12927K, committed 13056K, reserved 1048576K
}

